2021-08-22 20:11:33.067 WARN  [main]org.apache.ibatis.io.ResolverUtil.addIfMatching:264 -Could not examine class 'com/qr/Blog/pojo/Blog.class' due to a java.lang.NoClassDefFoundError with message: com/qr/Blog/pojo/Blog (wrong name: com/qr/blog/pojo/Blog)
2021-08-22 20:11:33.068 WARN  [main]org.apache.ibatis.io.ResolverUtil.addIfMatching:264 -Could not examine class 'com/qr/Blog/pojo/BlogCollection.class' due to a java.lang.NoClassDefFoundError with message: com/qr/Blog/pojo/BlogCollection (wrong name: com/qr/blog/pojo/BlogCollection)
2021-08-22 20:11:33.069 WARN  [main]org.apache.ibatis.io.ResolverUtil.addIfMatching:264 -Could not examine class 'com/qr/Blog/pojo/BlogComment.class' due to a java.lang.NoClassDefFoundError with message: com/qr/Blog/pojo/BlogComment (wrong name: com/qr/blog/pojo/BlogComment)
2021-08-22 20:11:33.070 WARN  [main]org.apache.ibatis.io.ResolverUtil.addIfMatching:264 -Could not examine class 'com/qr/Blog/pojo/BlogGoods.class' due to a java.lang.NoClassDefFoundError with message: com/qr/Blog/pojo/BlogGoods (wrong name: com/qr/blog/pojo/BlogGoods)
2021-08-22 20:11:33.071 WARN  [main]org.apache.ibatis.io.ResolverUtil.addIfMatching:264 -Could not examine class 'com/qr/Blog/pojo/BlogTag.class' due to a java.lang.NoClassDefFoundError with message: com/qr/Blog/pojo/BlogTag (wrong name: com/qr/blog/pojo/BlogTag)
2021-08-22 20:11:33.071 WARN  [main]org.apache.ibatis.io.ResolverUtil.addIfMatching:264 -Could not examine class 'com/qr/Blog/pojo/Link.class' due to a java.lang.NoClassDefFoundError with message: com/qr/Blog/pojo/Link (wrong name: com/qr/blog/pojo/Link)
2021-08-22 20:11:33.072 WARN  [main]org.apache.ibatis.io.ResolverUtil.addIfMatching:264 -Could not examine class 'com/qr/Blog/pojo/Music.class' due to a java.lang.NoClassDefFoundError with message: com/qr/Blog/pojo/Music (wrong name: com/qr/blog/pojo/Music)
2021-08-22 20:11:33.073 WARN  [main]org.apache.ibatis.io.ResolverUtil.addIfMatching:264 -Could not examine class 'com/qr/Blog/pojo/SysLog.class' due to a java.lang.NoClassDefFoundError with message: com/qr/Blog/pojo/SysLog (wrong name: com/qr/blog/pojo/SysLog)
2021-08-22 20:11:33.073 WARN  [main]org.apache.ibatis.io.ResolverUtil.addIfMatching:264 -Could not examine class 'com/qr/Blog/pojo/SysUser.class' due to a java.lang.NoClassDefFoundError with message: com/qr/Blog/pojo/SysUser (wrong name: com/qr/blog/pojo/SysUser)
2021-08-22 20:11:33.074 WARN  [main]org.apache.ibatis.io.ResolverUtil.addIfMatching:264 -Could not examine class 'com/qr/Blog/pojo/Tag.class' due to a java.lang.NoClassDefFoundError with message: com/qr/Blog/pojo/Tag (wrong name: com/qr/blog/pojo/Tag)
2021-08-22 20:11:33.075 WARN  [main]org.apache.ibatis.io.ResolverUtil.addIfMatching:264 -Could not examine class 'com/qr/Blog/pojo/Type.class' due to a java.lang.NoClassDefFoundError with message: com/qr/Blog/pojo/Type (wrong name: com/qr/blog/pojo/Type)
2021-08-22 20:11:33.076 WARN  [main]org.apache.ibatis.io.ResolverUtil.addIfMatching:264 -Could not examine class 'com/qr/Blog/pojo/User.class' due to a java.lang.NoClassDefFoundError with message: com/qr/Blog/pojo/User (wrong name: com/qr/blog/pojo/User)
2021-08-22 20:11:33.076 WARN  [main]org.apache.ibatis.io.ResolverUtil.addIfMatching:264 -Could not examine class 'com/qr/Blog/pojo/dto/BlogDto.class' due to a java.lang.NoClassDefFoundError with message: com/qr/Blog/pojo/dto/BlogDto (wrong name: com/qr/blog/pojo/dto/BlogDto)
2021-08-22 20:11:33.077 WARN  [main]org.apache.ibatis.io.ResolverUtil.addIfMatching:264 -Could not examine class 'com/qr/Blog/pojo/dto/Page.class' due to a java.lang.NoClassDefFoundError with message: com/qr/Blog/pojo/dto/Page (wrong name: com/qr/blog/pojo/dto/Page)
2021-08-22 20:11:33.078 WARN  [main]org.apache.ibatis.io.ResolverUtil.addIfMatching:264 -Could not examine class 'com/qr/Blog/pojo/dto/Result.class' due to a java.lang.NoClassDefFoundError with message: com/qr/Blog/pojo/dto/Result (wrong name: com/qr/blog/pojo/dto/Result)
2021-08-22 20:11:33.078 WARN  [main]org.apache.ibatis.io.ResolverUtil.addIfMatching:264 -Could not examine class 'com/qr/Blog/pojo/dto/SysUserInfoDto.class' due to a java.lang.NoClassDefFoundError with message: com/qr/Blog/pojo/dto/SysUserInfoDto (wrong name: com/qr/blog/pojo/dto/SysUserInfoDto)
2021-08-22 20:11:33.079 WARN  [main]org.apache.ibatis.io.ResolverUtil.addIfMatching:264 -Could not examine class 'com/qr/Blog/pojo/dto/UpdatePwdDto.class' due to a java.lang.NoClassDefFoundError with message: com/qr/Blog/pojo/dto/UpdatePwdDto (wrong name: com/qr/blog/pojo/dto/UpdatePwdDto)
2021-08-22 20:11:33.080 WARN  [main]org.apache.ibatis.io.ResolverUtil.addIfMatching:264 -Could not examine class 'com/qr/Blog/pojo/vo/BlogCommentVo.class' due to a java.lang.NoClassDefFoundError with message: com/qr/Blog/pojo/vo/BlogCommentVo (wrong name: com/qr/blog/pojo/vo/BlogCommentVo)
2021-08-22 20:11:33.080 WARN  [main]org.apache.ibatis.io.ResolverUtil.addIfMatching:264 -Could not examine class 'com/qr/Blog/pojo/vo/BlogVo.class' due to a java.lang.NoClassDefFoundError with message: com/qr/Blog/pojo/vo/BlogVo (wrong name: com/qr/blog/pojo/vo/BlogVo)
2021-08-22 20:11:33.081 WARN  [main]org.apache.ibatis.io.ResolverUtil.addIfMatching:264 -Could not examine class 'com/qr/Blog/pojo/vo/HotTagVo.class' due to a java.lang.NoClassDefFoundError with message: com/qr/Blog/pojo/vo/HotTagVo (wrong name: com/qr/blog/pojo/vo/HotTagVo)
2021-08-22 20:11:33.081 WARN  [main]org.apache.ibatis.io.ResolverUtil.addIfMatching:264 -Could not examine class 'com/qr/Blog/pojo/vo/TokenVo.class' due to a java.lang.NoClassDefFoundError with message: com/qr/Blog/pojo/vo/TokenVo (wrong name: com/qr/blog/pojo/vo/TokenVo)
2021-08-22 20:11:33.082 WARN  [main]org.apache.ibatis.io.ResolverUtil.addIfMatching:264 -Could not examine class 'com/qr/Blog/pojo/vo/UploadVo.class' due to a java.lang.NoClassDefFoundError with message: com/qr/Blog/pojo/vo/UploadVo (wrong name: com/qr/blog/pojo/vo/UploadVo)
2021-08-22 20:14:43.050 WARN  [main]org.apache.ibatis.io.ResolverUtil.addIfMatching:264 -Could not examine class 'com/qr/Blog/pojo/Blog.class' due to a java.lang.NoClassDefFoundError with message: com/qr/Blog/pojo/Blog (wrong name: com/qr/blog/pojo/Blog)
2021-08-22 20:14:43.050 WARN  [main]org.apache.ibatis.io.ResolverUtil.addIfMatching:264 -Could not examine class 'com/qr/Blog/pojo/BlogCollection.class' due to a java.lang.NoClassDefFoundError with message: com/qr/Blog/pojo/BlogCollection (wrong name: com/qr/blog/pojo/BlogCollection)
2021-08-22 20:14:43.050 WARN  [main]org.apache.ibatis.io.ResolverUtil.addIfMatching:264 -Could not examine class 'com/qr/Blog/pojo/BlogComment.class' due to a java.lang.NoClassDefFoundError with message: com/qr/Blog/pojo/BlogComment (wrong name: com/qr/blog/pojo/BlogComment)
2021-08-22 20:14:43.052 WARN  [main]org.apache.ibatis.io.ResolverUtil.addIfMatching:264 -Could not examine class 'com/qr/Blog/pojo/BlogGoods.class' due to a java.lang.NoClassDefFoundError with message: com/qr/Blog/pojo/BlogGoods (wrong name: com/qr/blog/pojo/BlogGoods)
2021-08-22 20:14:43.052 WARN  [main]org.apache.ibatis.io.ResolverUtil.addIfMatching:264 -Could not examine class 'com/qr/Blog/pojo/BlogTag.class' due to a java.lang.NoClassDefFoundError with message: com/qr/Blog/pojo/BlogTag (wrong name: com/qr/blog/pojo/BlogTag)
2021-08-22 20:14:43.052 WARN  [main]org.apache.ibatis.io.ResolverUtil.addIfMatching:264 -Could not examine class 'com/qr/Blog/pojo/Link.class' due to a java.lang.NoClassDefFoundError with message: com/qr/Blog/pojo/Link (wrong name: com/qr/blog/pojo/Link)
2021-08-22 20:14:43.052 WARN  [main]org.apache.ibatis.io.ResolverUtil.addIfMatching:264 -Could not examine class 'com/qr/Blog/pojo/Music.class' due to a java.lang.NoClassDefFoundError with message: com/qr/Blog/pojo/Music (wrong name: com/qr/blog/pojo/Music)
2021-08-22 20:14:43.054 WARN  [main]org.apache.ibatis.io.ResolverUtil.addIfMatching:264 -Could not examine class 'com/qr/Blog/pojo/SysLog.class' due to a java.lang.NoClassDefFoundError with message: com/qr/Blog/pojo/SysLog (wrong name: com/qr/blog/pojo/SysLog)
2021-08-22 20:14:43.055 WARN  [main]org.apache.ibatis.io.ResolverUtil.addIfMatching:264 -Could not examine class 'com/qr/Blog/pojo/SysUser.class' due to a java.lang.NoClassDefFoundError with message: com/qr/Blog/pojo/SysUser (wrong name: com/qr/blog/pojo/SysUser)
2021-08-22 20:14:43.055 WARN  [main]org.apache.ibatis.io.ResolverUtil.addIfMatching:264 -Could not examine class 'com/qr/Blog/pojo/Tag.class' due to a java.lang.NoClassDefFoundError with message: com/qr/Blog/pojo/Tag (wrong name: com/qr/blog/pojo/Tag)
2021-08-22 20:14:43.055 WARN  [main]org.apache.ibatis.io.ResolverUtil.addIfMatching:264 -Could not examine class 'com/qr/Blog/pojo/Type.class' due to a java.lang.NoClassDefFoundError with message: com/qr/Blog/pojo/Type (wrong name: com/qr/blog/pojo/Type)
2021-08-22 20:14:43.055 WARN  [main]org.apache.ibatis.io.ResolverUtil.addIfMatching:264 -Could not examine class 'com/qr/Blog/pojo/User.class' due to a java.lang.NoClassDefFoundError with message: com/qr/Blog/pojo/User (wrong name: com/qr/blog/pojo/User)
2021-08-22 20:14:43.057 WARN  [main]org.apache.ibatis.io.ResolverUtil.addIfMatching:264 -Could not examine class 'com/qr/Blog/pojo/dto/BlogDto.class' due to a java.lang.NoClassDefFoundError with message: com/qr/Blog/pojo/dto/BlogDto (wrong name: com/qr/blog/pojo/dto/BlogDto)
2021-08-22 20:14:43.057 WARN  [main]org.apache.ibatis.io.ResolverUtil.addIfMatching:264 -Could not examine class 'com/qr/Blog/pojo/dto/Page.class' due to a java.lang.NoClassDefFoundError with message: com/qr/Blog/pojo/dto/Page (wrong name: com/qr/blog/pojo/dto/Page)
2021-08-22 20:14:43.057 WARN  [main]org.apache.ibatis.io.ResolverUtil.addIfMatching:264 -Could not examine class 'com/qr/Blog/pojo/dto/Result.class' due to a java.lang.NoClassDefFoundError with message: com/qr/Blog/pojo/dto/Result (wrong name: com/qr/blog/pojo/dto/Result)
2021-08-22 20:14:43.057 WARN  [main]org.apache.ibatis.io.ResolverUtil.addIfMatching:264 -Could not examine class 'com/qr/Blog/pojo/dto/SysUserInfoDto.class' due to a java.lang.NoClassDefFoundError with message: com/qr/Blog/pojo/dto/SysUserInfoDto (wrong name: com/qr/blog/pojo/dto/SysUserInfoDto)
2021-08-22 20:14:43.059 WARN  [main]org.apache.ibatis.io.ResolverUtil.addIfMatching:264 -Could not examine class 'com/qr/Blog/pojo/dto/UpdatePwdDto.class' due to a java.lang.NoClassDefFoundError with message: com/qr/Blog/pojo/dto/UpdatePwdDto (wrong name: com/qr/blog/pojo/dto/UpdatePwdDto)
2021-08-22 20:14:43.059 WARN  [main]org.apache.ibatis.io.ResolverUtil.addIfMatching:264 -Could not examine class 'com/qr/Blog/pojo/vo/BlogCommentVo.class' due to a java.lang.NoClassDefFoundError with message: com/qr/Blog/pojo/vo/BlogCommentVo (wrong name: com/qr/blog/pojo/vo/BlogCommentVo)
2021-08-22 20:14:43.059 WARN  [main]org.apache.ibatis.io.ResolverUtil.addIfMatching:264 -Could not examine class 'com/qr/Blog/pojo/vo/BlogVo.class' due to a java.lang.NoClassDefFoundError with message: com/qr/Blog/pojo/vo/BlogVo (wrong name: com/qr/blog/pojo/vo/BlogVo)
2021-08-22 20:14:43.061 WARN  [main]org.apache.ibatis.io.ResolverUtil.addIfMatching:264 -Could not examine class 'com/qr/Blog/pojo/vo/HotTagVo.class' due to a java.lang.NoClassDefFoundError with message: com/qr/Blog/pojo/vo/HotTagVo (wrong name: com/qr/blog/pojo/vo/HotTagVo)
2021-08-22 20:14:43.061 WARN  [main]org.apache.ibatis.io.ResolverUtil.addIfMatching:264 -Could not examine class 'com/qr/Blog/pojo/vo/TokenVo.class' due to a java.lang.NoClassDefFoundError with message: com/qr/Blog/pojo/vo/TokenVo (wrong name: com/qr/blog/pojo/vo/TokenVo)
2021-08-22 20:14:43.061 WARN  [main]org.apache.ibatis.io.ResolverUtil.addIfMatching:264 -Could not examine class 'com/qr/Blog/pojo/vo/UploadVo.class' due to a java.lang.NoClassDefFoundError with message: com/qr/Blog/pojo/vo/UploadVo (wrong name: com/qr/blog/pojo/vo/UploadVo)
